10:58:09.313 skipping bootstrap configuration: could not find or read file: classpath:karate-config.js
10:58:10.964 request:
1 > GET https://cybertek-reservation-api-qa2.herokuapp.com/sign?email=sbirdbj%40fc2.com&password=asenorval
1 > Accept: application/json
1 > Accept-Encoding: gzip,deflate
1 > Connection: Keep-Alive
1 > Host: cybertek-reservation-api-qa2.herokuapp.com
1 > User-Agent: Apache-HttpClient/4.5.12 (Java/13.0.2)

10:58:13.679 response time in milliseconds: 2712.02
1 < 200
1 < Connection: close
1 < Content-Type: application/json
1 < Date: Wed, 14 Apr 2021 06:58:12 GMT
1 < Server: Jetty(9.4.8.v20171121)
1 < Via: 1.1 vegur
{"accessToken":"eyJhbGciOiJIUzI1NiJ9.eyJqdGkiOiI1NyIsImF1ZCI6InN0dWRlbnQtdGVhbS1sZWFkZXIifQ.a_N9URDBPGOMcDdEVoaMHsJtk3jOnig0v0SCtSWcsGE","refreshToken":"eyJhbGciOiJIUzI1NiJ9.eyJqdGkiOiI1NyIsImF1ZCI6InN0dWRlbnQtdGVhbS1sZWFkZXIifQ.a_N9URDBPGOMcDdEVoaMHsJtk3jOnig0v0SCtSWcsGE"}

10:58:13.739 [print] eyJhbGciOiJIUzI1NiJ9.eyJqdGkiOiI1NyIsImF1ZCI6InN0dWRlbnQtdGVhbS1sZWFkZXIifQ.a_N9URDBPGOMcDdEVoaMHsJtk3jOnig0v0SCtSWcsGE
10:58:13.768 [print] Token from background eyJhbGciOiJIUzI1NiJ9.eyJqdGkiOiI1NyIsImF1ZCI6InN0dWRlbnQtdGVhbS1sZWFkZXIifQ.a_N9URDBPGOMcDdEVoaMHsJtk3jOnig0v0SCtSWcsGE
10:58:13.789 request:
1 > GET https://cybertek-reservation-api-qa2.herokuapp.com/api/users/me
1 > Accept: application/json
1 > Accept-Encoding: gzip,deflate
1 > Authorization: Bearer eyJhbGciOiJIUzI1NiJ9.eyJqdGkiOiI1NyIsImF1ZCI6InN0dWRlbnQtdGVhbS1sZWFkZXIifQ.a_N9URDBPGOMcDdEVoaMHsJtk3jOnig0v0SCtSWcsGE
1 > Connection: Keep-Alive
1 > Host: cybertek-reservation-api-qa2.herokuapp.com
1 > User-Agent: Apache-HttpClient/4.5.12 (Java/13.0.2)

10:58:14.686 response time in milliseconds: 900.51
1 < 200
1 < Connection: close
1 < Content-Type: application/json
1 < Date: Wed, 14 Apr 2021 06:58:14 GMT
1 < Server: Jetty(9.4.8.v20171121)
1 < Via: 1.1 vegur
{"id":57,"firstName":"Ase","lastName":"Norval","role":"student-team-leader"}

10:58:14.686 [print] {
  "firstName": "Ase",
  "lastName": "Norval",
  "role": "student-team-leader",
  "id": 57
}

10:58:14.686 skipping bootstrap configuration: could not find or read file: classpath:karate-config.js
10:58:14.702 request:
1 > GET http://34.228.41.120:1000/ords/hr/regions
1 > Accept-Encoding: gzip,deflate
1 > Connection: Keep-Alive
1 > Host: 34.228.41.120:1000
1 > User-Agent: Apache-HttpClient/4.5.12 (Java/13.0.2)

10:58:15.155 response time in milliseconds: 465.00
1 < 301
1 < Location: http://34.228.41.120:1000/ords/hr/regions/
1 < Transfer-Encoding: chunked

10:58:15.171 request:
2 > GET http://34.228.41.120:1000/ords/hr/regions
2 > Accept-Encoding: gzip,deflate
2 > Connection: Keep-Alive
2 > Host: 34.228.41.120:1000
2 > User-Agent: Apache-HttpClient/4.5.12 (Java/13.0.2)

10:58:15.405 response time in milliseconds: 243.98
2 < 200
2 < Content-Type: application/json
2 < Date: Wed, 14 Apr 2021 06:58:06 GMT
2 < ETag: "dgg0UvgTwMXOP1++Wx0XnSPdzH+4zy9ukpwYilt2gN2DJYQH0czGNCSt1S1DX7/gXQX3QcDpYg/3OoP1ksOHwg=="
2 < Transfer-Encoding: chunked
{"items":[{"region_id":998,"region_name":"Cybertek Saturn","links":[{"rel":"self","href":"http://34.228.41.120:1000/ords/hr/regions/998"}]},{"region_id":8080,"region_name":"NeverLand","links":[{"rel":"self","href":"http://34.228.41.120:1000/ords/hr/regions/8080"}]},{"region_id":8081,"region_name":"NeverLand","links":[{"rel":"self","href":"http://34.228.41.120:1000/ords/hr/regions/8081"}]},{"region_id":87,"region_name":"Cybertek Germany","links":[{"rel":"self","href":"http://34.228.41.120:1000/ords/hr/regions/87"}]},{"region_id":80,"region_name":"Cybertek Germany","links":[{"rel":"self","href":"http://34.228.41.120:1000/ords/hr/regions/80"}]},{"region_id":11,"region_name":"Cybertek Germany","links":[{"rel":"self","href":"http://34.228.41.120:1000/ords/hr/regions/11"}]},{"region_id":300,"region_name":"Cybertek Europe","links":[{"rel":"self","href":"http://34.228.41.120:1000/ords/hr/regions/300"}]},{"region_id":473,"region_name":"RandomRegion","links":[{"rel":"self","href":"http://34.228.41.120:1000/ords/hr/regions/473"}]},{"region_id":21,"region_name":"Cybertek SpainMD","links":[{"rel":"self","href":"http://34.228.41.120:1000/ords/hr/regions/21"}]},{"region_id":228,"region_name":"RandomRegion","links":[{"rel":"self","href":"http://34.228.41.120:1000/ords/hr/regions/228"}]},{"region_id":999,"region_name":"Cybertek Saturn","links":[{"rel":"self","href":"http://34.228.41.120:1000/ords/hr/regions/999"}]},{"region_id":555,"region_name":"DXB","links":[{"rel":"self","href":"http://34.228.41.120:1000/ords/hr/regions/555"}]},{"region_id":333,"region_name":"MarbachamNeckar","links":[{"rel":"self","href":"http://34.228.41.120:1000/ords/hr/regions/333"}]},{"region_id":16,"region_name":"Jo's Land","links":[{"rel":"self","href":"http://34.228.41.120:1000/ords/hr/regions/16"}]},{"region_id":444,"region_name":"DXB2","links":[{"rel":"self","href":"http://34.228.41.120:1000/ords/hr/regions/444"}]},{"region_id":222,"region_name":"Vern","links":[{"rel":"self","href":"http://34.228.41.120:1000/ords/hr/regions/222"}]},{"region_id":158,"region_name":"Cybertfgek Germany","links":[{"rel":"self","href":"http://34.228.41.120:1000/ords/hr/regions/158"}]},{"region_id":159,"region_name":"Cybertfgek Germany","links":[{"rel":"self","href":"http://34.228.41.120:1000/ords/hr/regions/159"}]},{"region_id":1587,"region_name":"Cybertfgek Germany","links":[{"rel":"self","href":"http://34.228.41.120:1000/ords/hr/regions/1587"}]},{"region_id":1001,"region_name":"Cybertek ITALY","links":[{"rel":"self","href":"http://34.228.41.120:1000/ords/hr/regions/1001"}]},{"region_id":937,"region_name":"Cybertek Germany","links":[{"rel":"self","href":"http://34.228.41.120:1000/ords/hr/regions/937"}]},{"region_id":66,"region_name":"randomregion","links":[{"rel":"self","href":"http://34.228.41.120:1000/ords/hr/regions/66"}]},{"region_id":50,"region_name":"randomregion","links":[{"rel":"self","href":"http://34.228.41.120:1000/ords/hr/regions/50"}]},{"region_id":2578,"region_name":"Cybertek Germany","links":[{"rel":"self","href":"http://34.228.41.120:1000/ords/hr/regions/2578"}]},{"region_id":938,"region_name":"Cybertek Germany","links":[{"rel":"self","href":"http://34.228.41.120:1000/ords/hr/regions/938"}]}],"hasMore":true,"limit":25,"offset":0,"count":25,"links":[{"rel":"self","href":"http://34.228.41.120:1000/ords/hr/regions/"},{"rel":"edit","href":"http://34.228.41.120:1000/ords/hr/regions/"},{"rel":"describedby","href":"http://34.228.41.120:1000/ords/hr/metadata-catalog/regions/"},{"rel":"first","href":"http://34.228.41.120:1000/ords/hr/regions/"},{"rel":"next","href":"http://34.228.41.120:1000/ords/hr/regions/?offset=25"}]}

10:58:15.405 [print] {
  "offset": 0,
  "hasMore": true,
  "limit": 25,
  "count": 25,
  "links": [
    {
      "rel": "self",
      "href": "http://34.228.41.120:1000/ords/hr/regions/"
    },
    {
      "rel": "edit",
      "href": "http://34.228.41.120:1000/ords/hr/regions/"
    },
    {
      "rel": "describedby",
      "href": "http://34.228.41.120:1000/ords/hr/metadata-catalog/regions/"
    },
    {
      "rel": "first",
      "href": "http://34.228.41.120:1000/ords/hr/regions/"
    },
    {
      "rel": "next",
      "href": "http://34.228.41.120:1000/ords/hr/regions/?offset=25"
    }
  ],
  "items": [
    {
      "region_id": 998,
      "region_name": "Cybertek Saturn",
      "links": [
        {
          "rel": "self",
          "href": "http://34.228.41.120:1000/ords/hr/regions/998"
        }
      ]
    },
    {
      "region_id": 8080,
      "region_name": "NeverLand",
      "links": [
        {
          "rel": "self",
          "href": "http://34.228.41.120:1000/ords/hr/regions/8080"
        }
      ]
    },
    {
      "region_id": 8081,
      "region_name": "NeverLand",
      "links": [
        {
          "rel": "self",
          "href": "http://34.228.41.120:1000/ords/hr/regions/8081"
        }
      ]
    },
    {
      "region_id": 87,
      "region_name": "Cybertek Germany",
      "links": [
        {
          "rel": "self",
          "href": "http://34.228.41.120:1000/ords/hr/regions/87"
        }
      ]
    },
    {
      "region_id": 80,
      "region_name": "Cybertek Germany",
      "links": [
        {
          "rel": "self",
          "href": "http://34.228.41.120:1000/ords/hr/regions/80"
        }
      ]
    },
    {
      "region_id": 11,
      "region_name": "Cybertek Germany",
      "links": [
        {
          "rel": "self",
          "href": "http://34.228.41.120:1000/ords/hr/regions/11"
        }
      ]
    },
    {
      "region_id": 300,
      "region_name": "Cybertek Europe",
      "links": [
        {
          "rel": "self",
          "href": "http://34.228.41.120:1000/ords/hr/regions/300"
        }
      ]
    },
    {
      "region_id": 473,
      "region_name": "RandomRegion",
      "links": [
        {
          "rel": "self",
          "href": "http://34.228.41.120:1000/ords/hr/regions/473"
        }
      ]
    },
    {
      "region_id": 21,
      "region_name": "Cybertek SpainMD",
      "links": [
        {
          "rel": "self",
          "href": "http://34.228.41.120:1000/ords/hr/regions/21"
        }
      ]
    },
    {
      "region_id": 228,
      "region_name": "RandomRegion",
      "links": [
        {
          "rel": "self",
          "href": "http://34.228.41.120:1000/ords/hr/regions/228"
        }
      ]
    },
    {
      "region_id": 999,
      "region_name": "Cybertek Saturn",
      "links": [
        {
          "rel": "self",
          "href": "http://34.228.41.120:1000/ords/hr/regions/999"
        }
      ]
    },
    {
      "region_id": 555,
      "region_name": "DXB",
      "links": [
        {
          "rel": "self",
          "href": "http://34.228.41.120:1000/ords/hr/regions/555"
        }
      ]
    },
    {
      "region_id": 333,
      "region_name": "MarbachamNeckar",
      "links": [
        {
          "rel": "self",
          "href": "http://34.228.41.120:1000/ords/hr/regions/333"
        }
      ]
    },
    {
      "region_id": 16,
      "region_name": "Jo's Land",
      "links": [
        {
          "rel": "self",
          "href": "http://34.228.41.120:1000/ords/hr/regions/16"
        }
      ]
    },
    {
      "region_id": 444,
      "region_name": "DXB2",
      "links": [
        {
          "rel": "self",
          "href": "http://34.228.41.120:1000/ords/hr/regions/444"
        }
      ]
    },
    {
      "region_id": 222,
      "region_name": "Vern",
      "links": [
        {
          "rel": "self",
          "href": "http://34.228.41.120:1000/ords/hr/regions/222"
        }
      ]
    },
    {
      "region_id": 158,
      "region_name": "Cybertfgek Germany",
      "links": [
        {
          "rel": "self",
          "href": "http://34.228.41.120:1000/ords/hr/regions/158"
        }
      ]
    },
    {
      "region_id": 159,
      "region_name": "Cybertfgek Germany",
      "links": [
        {
          "rel": "self",
          "href": "http://34.228.41.120:1000/ords/hr/regions/159"
        }
      ]
    },
    {
      "region_id": 1587,
      "region_name": "Cybertfgek Germany",
      "links": [
        {
          "rel": "self",
          "href": "http://34.228.41.120:1000/ords/hr/regions/1587"
        }
      ]
    },
    {
      "region_id": 1001,
      "region_name": "Cybertek ITALY",
      "links": [
        {
          "rel": "self",
          "href": "http://34.228.41.120:1000/ords/hr/regions/1001"
        }
      ]
    },
    {
      "region_id": 937,
      "region_name": "Cybertek Germany",
      "links": [
        {
          "rel": "self",
          "href": "http://34.228.41.120:1000/ords/hr/regions/937"
        }
      ]
    },
    {
      "region_id": 66,
      "region_name": "randomregion",
      "links": [
        {
          "rel": "self",
          "href": "http://34.228.41.120:1000/ords/hr/regions/66"
        }
      ]
    },
    {
      "region_id": 50,
      "region_name": "randomregion",
      "links": [
        {
          "rel": "self",
          "href": "http://34.228.41.120:1000/ords/hr/regions/50"
        }
      ]
    },
    {
      "region_id": 2578,
      "region_name": "Cybertek Germany",
      "links": [
        {
          "rel": "self",
          "href": "http://34.228.41.120:1000/ords/hr/regions/2578"
        }
      ]
    },
    {
      "region_id": 938,
      "region_name": "Cybertek Germany",
      "links": [
        {
          "rel": "self",
          "href": "http://34.228.41.120:1000/ords/hr/regions/938"
        }
      ]
    }
  ]
}

